[debug] [2025-03-28T09:28:59.595Z] ----------------------------------------------------------------------
[debug] [2025-03-28T09:28:59.598Z] Command:       C:\Program Files\nodejs\node.exe C:\Users\Admin\AppData\Roaming\npm\node_modules\firebase-tools\lib\bin\firebase.js init
[debug] [2025-03-28T09:28:59.599Z] CLI Version:   13.29.1
[debug] [2025-03-28T09:28:59.599Z] Platform:      win32
[debug] [2025-03-28T09:28:59.599Z] Node Version:  v20.11.0
[debug] [2025-03-28T09:28:59.599Z] Time:          Fri Mar 28 2025 11:28:59 GMT+0200 (Eastern European Standard Time)
[debug] [2025-03-28T09:28:59.600Z] ----------------------------------------------------------------------
[debug] 
[debug] [2025-03-28T09:28:59.612Z] > command requires scopes: ["email","openid","https://www.googleapis.com/auth/cloudplatformprojects.readonly","https://www.googleapis.com/auth/firebase","https://www.googleapis.com/auth/cloud-platform"]
[debug] [2025-03-28T09:28:59.613Z] > authorizing via signed-in user (arendusmihkel1@gmail.com)
[info] 
     ######## #### ########  ######## ########     ###     ######  ########
     ##        ##  ##     ## ##       ##     ##  ##   ##  ##       ##
     ######    ##  ########  ######   ########  #########  ######  ######
     ##        ##  ##    ##  ##       ##     ## ##     ##       ## ##
     ##       #### ##     ## ######## ########  ##     ##  ######  ########

You're about to initialize a Firebase project in this directory:

  C:\Users\Admin\koolitused\mobiilid-03-2025\expo-kolmas

[info] 
=== Project Setup
[info] 
[info] First, let's associate this project directory with a Firebase project.
[info] You can create multiple project aliases by running firebase use --add, 
[info] but for now we'll just set up a default project.
[info] 
[debug] [2025-03-28T09:30:30.998Z] Checked if tokens are valid: true, expires at: 1743157603908
[debug] [2025-03-28T09:30:30.998Z] Checked if tokens are valid: true, expires at: 1743157603908
[debug] [2025-03-28T09:30:31.001Z] >>> [apiv2][query] GET https://firebase.googleapis.com/v1beta1/projects pageSize=100
[debug] [2025-03-28T09:30:31.815Z] <<< [apiv2][status] GET https://firebase.googleapis.com/v1beta1/projects 200
[debug] [2025-03-28T09:30:31.815Z] <<< [apiv2][body] GET https://firebase.googleapis.com/v1beta1/projects [omitted]
[info] i  Using project mobiilid-mihkel (mobiilid-mihkel) 
[info] 
=== Hosting Setup
[debug] [2025-03-28T09:30:33.554Z] Checked if tokens are valid: true, expires at: 1743157603908
[debug] [2025-03-28T09:30:33.555Z] Checked if tokens are valid: true, expires at: 1743157603908
[debug] [2025-03-28T09:30:33.555Z] >>> [apiv2][query] GET https://firebase.googleapis.com/v1beta1/projects/mobiilid-mihkel [none]
[debug] [2025-03-28T09:30:33.915Z] <<< [apiv2][status] GET https://firebase.googleapis.com/v1beta1/projects/mobiilid-mihkel 200
[debug] [2025-03-28T09:30:33.916Z] <<< [apiv2][body] GET https://firebase.googleapis.com/v1beta1/projects/mobiilid-mihkel {"projectId":"mobiilid-mihkel","projectNumber":"1001500876142","displayName":"mobiilid-mihkel","name":"projects/mobiilid-mihkel","resources":{"hostingSite":"mobiilid-mihkel"},"state":"ACTIVE","etag":"1_5e47cc5f-2485-4686-a47a-d264ad8f5fd3"}
[info] 
[info] Your public directory is the folder (relative to your project directory) that
[info] will contain Hosting assets to be uploaded with firebase deploy. If you
[info] have a build process for your assets, use your build's output directory.
[info] 
